C:\USERS\62453\DOCUMENTS\VISUAL STUDIO PROJECTS\DUILIB\DUILIB_TEACH\DUILIB\BUILD\DEBUG\DUILIB.PCH
C:\USERS\62453\DOCUMENTS\VISUAL STUDIO PROJECTS\DUILIB\DUILIB_TEACH\DUILIB\BUILD\DEBUG\STDAFX.OBJ
C:\USERS\62453\DOCUMENTS\VISUAL STUDIO PROJECTS\DUILIB\DUILIB_TEACH\DUILIB\BUILD\DEBUG\VC110.PDB
C:\USERS\62453\DOCUMENTS\VISUAL STUDIO PROJECTS\DUILIB\DUILIB_TEACH\DUILIB\BUILD\DEBUG\UIHORIZONTALLAYOUT.OBJ
C:\USERS\62453\DOCUMENTS\VISUAL STUDIO PROJECTS\DUILIB\DUILIB_TEACH\DUILIB\BUILD\DEBUG\UITABLAYOUT.OBJ
C:\USERS\62453\DOCUMENTS\VISUAL STUDIO PROJECTS\DUILIB\DUILIB_TEACH\DUILIB\BUILD\DEBUG\UITILELAYOUT.OBJ
C:\USERS\62453\DOCUMENTS\VISUAL STUDIO PROJECTS\DUILIB\DUILIB_TEACH\DUILIB\BUILD\DEBUG\UIVERTICALLAYOUT.OBJ
C:\USERS\62453\DOCUMENTS\VISUAL STUDIO PROJECTS\DUILIB\DUILIB_TEACH\DUILIB\BUILD\DEBUG\UIACTIVEX.OBJ
C:\USERS\62453\DOCUMENTS\VISUAL STUDIO PROJECTS\DUILIB\DUILIB_TEACH\DUILIB\BUILD\DEBUG\UIBUTTON.OBJ
C:\USERS\62453\DOCUMENTS\VISUAL STUDIO PROJECTS\DUILIB\DUILIB_TEACH\DUILIB\BUILD\DEBUG\UICHECKBOX.OBJ
C:\USERS\62453\DOCUMENTS\VISUAL STUDIO PROJECTS\DUILIB\DUILIB_TEACH\DUILIB\BUILD\DEBUG\UICOMBO.OBJ
C:\USERS\62453\DOCUMENTS\VISUAL STUDIO PROJECTS\DUILIB\DUILIB_TEACH\DUILIB\BUILD\DEBUG\UIDATETIME.OBJ
C:\USERS\62453\DOCUMENTS\VISUAL STUDIO PROJECTS\DUILIB\DUILIB_TEACH\DUILIB\BUILD\DEBUG\UIEDIT.OBJ
C:\USERS\62453\DOCUMENTS\VISUAL STUDIO PROJECTS\DUILIB\DUILIB_TEACH\DUILIB\BUILD\DEBUG\UIGIFANIM.OBJ
C:\USERS\62453\DOCUMENTS\VISUAL STUDIO PROJECTS\DUILIB\DUILIB_TEACH\DUILIB\BUILD\DEBUG\UILABEL.OBJ
C:\USERS\62453\DOCUMENTS\VISUAL STUDIO PROJECTS\DUILIB\DUILIB_TEACH\DUILIB\BUILD\DEBUG\UILIST.OBJ
C:\USERS\62453\DOCUMENTS\VISUAL STUDIO PROJECTS\DUILIB\DUILIB_TEACH\DUILIB\BUILD\DEBUG\UIOPTION.OBJ
C:\USERS\62453\DOCUMENTS\VISUAL STUDIO PROJECTS\DUILIB\DUILIB_TEACH\DUILIB\BUILD\DEBUG\UIPROGRESS.OBJ
C:\USERS\62453\DOCUMENTS\VISUAL STUDIO PROJECTS\DUILIB\DUILIB_TEACH\DUILIB\BUILD\DEBUG\UIRICHEDIT.OBJ
C:\USERS\62453\DOCUMENTS\VISUAL STUDIO PROJECTS\DUILIB\DUILIB_TEACH\DUILIB\BUILD\DEBUG\UISCROLLBAR.OBJ
C:\USERS\62453\DOCUMENTS\VISUAL STUDIO PROJECTS\DUILIB\DUILIB_TEACH\DUILIB\BUILD\DEBUG\UISLIDER.OBJ
C:\USERS\62453\DOCUMENTS\VISUAL STUDIO PROJECTS\DUILIB\DUILIB_TEACH\DUILIB\BUILD\DEBUG\UITEXT.OBJ
C:\USERS\62453\DOCUMENTS\VISUAL STUDIO PROJECTS\DUILIB\DUILIB_TEACH\DUILIB\BUILD\DEBUG\UIWEBBROWSER.OBJ
C:\USERS\62453\DOCUMENTS\VISUAL STUDIO PROJECTS\DUILIB\DUILIB_TEACH\DUILIB\BUILD\DEBUG\UITREEVIEW.OBJ
C:\USERS\62453\DOCUMENTS\VISUAL STUDIO PROJECTS\DUILIB\DUILIB_TEACH\DUILIB\BUILD\DEBUG\UILIB.OBJ
C:\USERS\62453\DOCUMENTS\VISUAL STUDIO PROJECTS\DUILIB\DUILIB_TEACH\DUILIB\BUILD\DEBUG\WINIMPLBASE.OBJ
C:\USERS\62453\DOCUMENTS\VISUAL STUDIO PROJECTS\DUILIB\DUILIB_TEACH\DUILIB\BUILD\DEBUG\UIDELEGATE.OBJ
C:\USERS\62453\DOCUMENTS\VISUAL STUDIO PROJECTS\DUILIB\DUILIB_TEACH\DUILIB\BUILD\DEBUG\UTILS.OBJ
C:\USERS\62453\DOCUMENTS\VISUAL STUDIO PROJECTS\DUILIB\DUILIB_TEACH\DUILIB\BUILD\DEBUG\WNDSHADOW.OBJ
C:\USERS\62453\DOCUMENTS\VISUAL STUDIO PROJECTS\DUILIB\DUILIB_TEACH\DUILIB\BUILD\DEBUG\UIBASE.OBJ
C:\USERS\62453\DOCUMENTS\VISUAL STUDIO PROJECTS\DUILIB\DUILIB_TEACH\DUILIB\BUILD\DEBUG\UICONTAINER.OBJ
C:\USERS\62453\DOCUMENTS\VISUAL STUDIO PROJECTS\DUILIB\DUILIB_TEACH\DUILIB\BUILD\DEBUG\UICONTROL.OBJ
C:\USERS\62453\DOCUMENTS\VISUAL STUDIO PROJECTS\DUILIB\DUILIB_TEACH\DUILIB\BUILD\DEBUG\UIDLGBUILDER.OBJ
C:\USERS\62453\DOCUMENTS\VISUAL STUDIO PROJECTS\DUILIB\DUILIB_TEACH\DUILIB\BUILD\DEBUG\UIMANAGER.OBJ
C:\USERS\62453\DOCUMENTS\VISUAL STUDIO PROJECTS\DUILIB\DUILIB_TEACH\DUILIB\BUILD\DEBUG\UIMARKUP.OBJ
C:\USERS\62453\DOCUMENTS\VISUAL STUDIO PROJECTS\DUILIB\DUILIB_TEACH\DUILIB\BUILD\DEBUG\UIRENDER.OBJ
C:\USERS\62453\DOCUMENTS\VISUAL STUDIO PROJECTS\DUILIB\DUILIB_TEACH\DUILIB\BUILD\DEBUG\UICHILDLAYOUT.OBJ
C:\USERS\62453\DOCUMENTS\VISUAL STUDIO PROJECTS\DUILIB\DUILIB_TEACH\DUILIB\BUILD\DEBUG\STB_IMAGE.OBJ
C:\USERS\62453\DOCUMENTS\VISUAL STUDIO PROJECTS\DUILIB\DUILIB_TEACH\DUILIB\BUILD\DEBUG\XUNZIP.OBJ
C:\USERS\62453\DESKTOP\JNIMESSAGE\DUILIB_TEACH\DUILIB\BUILD\DEBUG\DUILIB.PCH
C:\USERS\62453\DESKTOP\JNIMESSAGE\DUILIB_TEACH\DUILIB\BUILD\DEBUG\STDAFX.OBJ
C:\USERS\62453\DESKTOP\JNIMESSAGE\DUILIB_TEACH\DUILIB\BUILD\DEBUG\VC110.PDB
C:\USERS\62453\DESKTOP\JNIMESSAGE\DUILIB_TEACH\DUILIB\BUILD\DEBUG\UIHORIZONTALLAYOUT.OBJ
C:\USERS\62453\DESKTOP\JNIMESSAGE\DUILIB_TEACH\DUILIB\BUILD\DEBUG\UITABLAYOUT.OBJ
C:\USERS\62453\DESKTOP\JNIMESSAGE\DUILIB_TEACH\DUILIB\BUILD\DEBUG\UITILELAYOUT.OBJ
C:\USERS\62453\DESKTOP\JNIMESSAGE\DUILIB_TEACH\DUILIB\BUILD\DEBUG\UIVERTICALLAYOUT.OBJ
C:\USERS\62453\DESKTOP\JNIMESSAGE\DUILIB_TEACH\DUILIB\BUILD\DEBUG\UIACTIVEX.OBJ
C:\USERS\62453\DESKTOP\JNIMESSAGE\DUILIB_TEACH\DUILIB\BUILD\DEBUG\UIBUTTON.OBJ
C:\USERS\62453\DESKTOP\JNIMESSAGE\DUILIB_TEACH\DUILIB\BUILD\DEBUG\UICHECKBOX.OBJ
C:\USERS\62453\DESKTOP\JNIMESSAGE\DUILIB_TEACH\DUILIB\BUILD\DEBUG\UICOMBO.OBJ
C:\USERS\62453\DESKTOP\JNIMESSAGE\DUILIB_TEACH\DUILIB\BUILD\DEBUG\UIDATETIME.OBJ
C:\USERS\62453\DESKTOP\JNIMESSAGE\DUILIB_TEACH\DUILIB\BUILD\DEBUG\UIEDIT.OBJ
C:\USERS\62453\DESKTOP\JNIMESSAGE\DUILIB_TEACH\DUILIB\BUILD\DEBUG\UIGIFANIM.OBJ
C:\USERS\62453\DESKTOP\JNIMESSAGE\DUILIB_TEACH\DUILIB\BUILD\DEBUG\UILABEL.OBJ
C:\USERS\62453\DESKTOP\JNIMESSAGE\DUILIB_TEACH\DUILIB\BUILD\DEBUG\UILIST.OBJ
C:\USERS\62453\DESKTOP\JNIMESSAGE\DUILIB_TEACH\DUILIB\BUILD\DEBUG\UIOPTION.OBJ
C:\USERS\62453\DESKTOP\JNIMESSAGE\DUILIB_TEACH\DUILIB\BUILD\DEBUG\UIPROGRESS.OBJ
C:\USERS\62453\DESKTOP\JNIMESSAGE\DUILIB_TEACH\DUILIB\BUILD\DEBUG\UIRICHEDIT.OBJ
C:\USERS\62453\DESKTOP\JNIMESSAGE\DUILIB_TEACH\DUILIB\BUILD\DEBUG\UISCROLLBAR.OBJ
C:\USERS\62453\DESKTOP\JNIMESSAGE\DUILIB_TEACH\DUILIB\BUILD\DEBUG\UISLIDER.OBJ
C:\USERS\62453\DESKTOP\JNIMESSAGE\DUILIB_TEACH\DUILIB\BUILD\DEBUG\UITEXT.OBJ
C:\USERS\62453\DESKTOP\JNIMESSAGE\DUILIB_TEACH\DUILIB\BUILD\DEBUG\UIWEBBROWSER.OBJ
C:\USERS\62453\DESKTOP\JNIMESSAGE\DUILIB_TEACH\DUILIB\BUILD\DEBUG\UITREEVIEW.OBJ
C:\USERS\62453\DESKTOP\JNIMESSAGE\DUILIB_TEACH\DUILIB\BUILD\DEBUG\UILIB.OBJ
C:\USERS\62453\DESKTOP\JNIMESSAGE\DUILIB_TEACH\DUILIB\BUILD\DEBUG\WINIMPLBASE.OBJ
C:\USERS\62453\DESKTOP\JNIMESSAGE\DUILIB_TEACH\DUILIB\BUILD\DEBUG\UIDELEGATE.OBJ
C:\USERS\62453\DESKTOP\JNIMESSAGE\DUILIB_TEACH\DUILIB\BUILD\DEBUG\UTILS.OBJ
C:\USERS\62453\DESKTOP\JNIMESSAGE\DUILIB_TEACH\DUILIB\BUILD\DEBUG\WNDSHADOW.OBJ
C:\USERS\62453\DESKTOP\JNIMESSAGE\DUILIB_TEACH\DUILIB\BUILD\DEBUG\UIBASE.OBJ
C:\USERS\62453\DESKTOP\JNIMESSAGE\DUILIB_TEACH\DUILIB\BUILD\DEBUG\UICONTAINER.OBJ
C:\USERS\62453\DESKTOP\JNIMESSAGE\DUILIB_TEACH\DUILIB\BUILD\DEBUG\UICONTROL.OBJ
C:\USERS\62453\DESKTOP\JNIMESSAGE\DUILIB_TEACH\DUILIB\BUILD\DEBUG\UIDLGBUILDER.OBJ
C:\USERS\62453\DESKTOP\JNIMESSAGE\DUILIB_TEACH\DUILIB\BUILD\DEBUG\UIMANAGER.OBJ
C:\USERS\62453\DESKTOP\JNIMESSAGE\DUILIB_TEACH\DUILIB\BUILD\DEBUG\UIMARKUP.OBJ
C:\USERS\62453\DESKTOP\JNIMESSAGE\DUILIB_TEACH\DUILIB\BUILD\DEBUG\UIRENDER.OBJ
C:\USERS\62453\DESKTOP\JNIMESSAGE\DUILIB_TEACH\DUILIB\BUILD\DEBUG\UICHILDLAYOUT.OBJ
C:\USERS\62453\DESKTOP\JNIMESSAGE\DUILIB_TEACH\DUILIB\BUILD\DEBUG\STB_IMAGE.OBJ
C:\USERS\62453\DESKTOP\JNIMESSAGE\DUILIB_TEACH\DUILIB\BUILD\DEBUG\XUNZIP.OBJ
C:\Users\62453\Documents\Visual Studio Projects\duilib\duilib_teach\lib\DuiLib_d.lib
C:\Users\62453\Documents\Visual Studio Projects\duilib\duilib_teach\lib\DuiLib_d.exp
C:\Users\62453\Desktop\JNIMessage\duilib_teach\lib\DuiLib_d.lib
C:\Users\62453\Desktop\JNIMessage\duilib_teach\lib\DuiLib_d.exp
C:\USERS\62453\DOCUMENTS\VISUAL STUDIO PROJECTS\DUILIB\DUILIB_TEACH\BIN\DUILIB_D.DLL
C:\USERS\62453\DOCUMENTS\VISUAL STUDIO PROJECTS\DUILIB\DUILIB_TEACH\DUILIB\BUILD\DEBUG\DUILIB.PDB
C:\USERS\62453\DESKTOP\JNIMESSAGE\DUILIB_TEACH\BIN\DUILIB_D.DLL
C:\USERS\62453\DESKTOP\JNIMESSAGE\DUILIB_TEACH\DUILIB\BUILD\DEBUG\DUILIB.PDB
C:\Users\62453\Desktop\JNIMessage\duilib_teach\DuiLib\Build\Debug\stb_image.obj
C:\Users\62453\Desktop\JNIMessage\duilib_teach\DuiLib\Build\Debug\StdAfx.obj
C:\Users\62453\Desktop\JNIMessage\duilib_teach\DuiLib\Build\Debug\UIActiveX.obj
C:\Users\62453\Desktop\JNIMessage\duilib_teach\DuiLib\Build\Debug\UIBase.obj
C:\Users\62453\Desktop\JNIMessage\duilib_teach\DuiLib\Build\Debug\UIButton.obj
C:\Users\62453\Desktop\JNIMessage\duilib_teach\DuiLib\Build\Debug\UICheckBox.obj
C:\Users\62453\Desktop\JNIMessage\duilib_teach\DuiLib\Build\Debug\UIChildLayout.obj
C:\Users\62453\Desktop\JNIMessage\duilib_teach\DuiLib\Build\Debug\UICombo.obj
C:\Users\62453\Desktop\JNIMessage\duilib_teach\DuiLib\Build\Debug\UIContainer.obj
C:\Users\62453\Desktop\JNIMessage\duilib_teach\DuiLib\Build\Debug\UIControl.obj
C:\Users\62453\Desktop\JNIMessage\duilib_teach\DuiLib\Build\Debug\UIDateTime.obj
C:\Users\62453\Desktop\JNIMessage\duilib_teach\DuiLib\Build\Debug\UIDelegate.obj
C:\Users\62453\Desktop\JNIMessage\duilib_teach\DuiLib\Build\Debug\UIDlgBuilder.obj
C:\Users\62453\Desktop\JNIMessage\duilib_teach\DuiLib\Build\Debug\UIEdit.obj
C:\Users\62453\Desktop\JNIMessage\duilib_teach\DuiLib\Build\Debug\UIGifAnim.obj
C:\Users\62453\Desktop\JNIMessage\duilib_teach\DuiLib\Build\Debug\UIHorizontalLayout.obj
C:\Users\62453\Desktop\JNIMessage\duilib_teach\DuiLib\Build\Debug\UILabel.obj
C:\Users\62453\Desktop\JNIMessage\duilib_teach\DuiLib\Build\Debug\UIlib.obj
C:\Users\62453\Desktop\JNIMessage\duilib_teach\DuiLib\Build\Debug\UIList.obj
C:\Users\62453\Desktop\JNIMessage\duilib_teach\DuiLib\Build\Debug\UIManager.obj
C:\Users\62453\Desktop\JNIMessage\duilib_teach\DuiLib\Build\Debug\UIMarkup.obj
C:\Users\62453\Desktop\JNIMessage\duilib_teach\DuiLib\Build\Debug\UIOption.obj
C:\Users\62453\Desktop\JNIMessage\duilib_teach\DuiLib\Build\Debug\UIProgress.obj
C:\Users\62453\Desktop\JNIMessage\duilib_teach\DuiLib\Build\Debug\UIRender.obj
C:\Users\62453\Desktop\JNIMessage\duilib_teach\DuiLib\Build\Debug\UIRichEdit.obj
C:\Users\62453\Desktop\JNIMessage\duilib_teach\DuiLib\Build\Debug\UIScrollBar.obj
C:\Users\62453\Desktop\JNIMessage\duilib_teach\DuiLib\Build\Debug\UISlider.obj
C:\Users\62453\Desktop\JNIMessage\duilib_teach\DuiLib\Build\Debug\UITabLayout.obj
C:\Users\62453\Desktop\JNIMessage\duilib_teach\DuiLib\Build\Debug\UIText.obj
C:\Users\62453\Desktop\JNIMessage\duilib_teach\DuiLib\Build\Debug\UITileLayout.obj
C:\Users\62453\Desktop\JNIMessage\duilib_teach\DuiLib\Build\Debug\UITreeView.obj
C:\Users\62453\Desktop\JNIMessage\duilib_teach\DuiLib\Build\Debug\UIVerticalLayout.obj
C:\Users\62453\Desktop\JNIMessage\duilib_teach\DuiLib\Build\Debug\UIWebBrowser.obj
C:\Users\62453\Desktop\JNIMessage\duilib_teach\DuiLib\Build\Debug\Utils.obj
C:\Users\62453\Desktop\JNIMessage\duilib_teach\DuiLib\Build\Debug\WinImplBase.obj
C:\Users\62453\Desktop\JNIMessage\duilib_teach\DuiLib\Build\Debug\WndShadow.obj
C:\Users\62453\Desktop\JNIMessage\duilib_teach\DuiLib\Build\Debug\XUnzip.obj
C:\Users\62453\Desktop\JNIMessage\duilib_teach\DuiLib\Build\Debug\cl.command.1.tlog
C:\Users\62453\Desktop\JNIMessage\duilib_teach\DuiLib\Build\Debug\CL.read.1.tlog
C:\Users\62453\Desktop\JNIMessage\duilib_teach\DuiLib\Build\Debug\CL.write.1.tlog
C:\Users\62453\Desktop\JNIMessage\duilib_teach\DuiLib\Build\Debug\DuiLib.write.1.tlog
C:\Users\62453\Desktop\JNIMessage\duilib_teach\DuiLib\Build\Debug\link.command.1.tlog
C:\Users\62453\Desktop\JNIMessage\duilib_teach\DuiLib\Build\Debug\link.read.1.tlog
C:\Users\62453\Desktop\JNIMessage\duilib_teach\DuiLib\Build\Debug\link.write.1.tlog
C:\Users\62453\Desktop\JNIMessage\duilib_teach\DuiLib\Build\Debug\DuiLib.pch
C:\Users\62453\Desktop\JNIMessage\duilib_teach\DuiLib\Build\Debug\vc110.idb
C:\Users\62453\Desktop\JNIMessage\duilib_teach\DuiLib\Build\Debug\DuiLib.pdb
C:\Users\62453\Desktop\JNIMessage\duilib_teach\DuiLib\Build\Debug\vc110.pdb
