  StdAfx.cpp
  UITreeView.cpp
  UIlib.cpp
  WinImplBase.cpp
  UIDelegate.cpp
  Utils.cpp
  WndShadow.cpp
  UIBase.cpp
  UIContainer.cpp
  UIControl.cpp
  UIDlgBuilder.cpp
  UIManager.cpp
  UIMarkup.cpp
  UIRender.cpp
  UIChildLayout.cpp
  UIHorizontalLayout.cpp
  UITabLayout.cpp
  UITileLayout.cpp
  UIVerticalLayout.cpp
  UIActiveX.cpp
  UIButton.cpp
  正在生成代码...
  正在编译...
  UICheckBox.cpp
  UICombo.cpp
  UIDateTime.cpp
  UIEdit.cpp
  UIGifAnim.cpp
  UILabel.cpp
  UIList.cpp
  UIOption.cpp
  UIProgress.cpp
  UIRichEdit.cpp
  UIScrollBar.cpp
  UISlider.cpp
  UIText.cpp
  UIWebBrowser.cpp
  正在生成代码...
  stb_image.c
  XUnzip.cpp
C:\Program Files (x86)\MSBuild\Microsoft.Cpp\v4.0\V120\Microsoft.CppBuild.targets(1193,5): warning MSB8012: TargetPath(C:\Users\62453\Desktop\duilib_teach\DuiLib\.\Build\Release\DuiLib.dll) does not match the Linker's OutputFile property value (C:\Users\62453\Desktop\duilib_teach\bin\DuiLib.dll). This may cause your project to build incorrectly. To correct this, please make sure that $(OutDir), $(TargetName) and $(TargetExt) property values match the value specified in %(Link.OutputFile).
C:\Program Files (x86)\MSBuild\Microsoft.Cpp\v4.0\V120\Microsoft.CppBuild.targets(1197,5): warning MSB8030: The linker switch "Minimum Required Version" requires "SubSystem" to be set.  Without "SubSystem", the "Minimum Required Version" would not be passed to linker and could prevent to the output binary from running on older Operating Systems.
     正在创建库 ../Lib/DuiLib.lib 和对象 ../Lib/DuiLib.exp
  DuiLib.vcxproj -> C:\Users\62453\Desktop\duilib_teach\DuiLib\.\Build\Release\DuiLib.dll
