C:\USERS\62453\DOCUMENTS\VISUAL STUDIO PROJECTS\DUILIB\DUILIB_TEACH\LISTDEMO\DEBUG\LISTDEMO.BSC
C:\USERS\62453\DESKTOP\JNIMESSAGE\DUILIB_TEACH\LISTDEMO\DEBUG\LISTDEMO.BSC
C:\USERS\62453\DOCUMENTS\VISUAL STUDIO PROJECTS\DUILIB\DUILIB_TEACH\LISTDEMO\DEBUG\LISTDEMO.PCH
C:\USERS\62453\DOCUMENTS\VISUAL STUDIO PROJECTS\DUILIB\DUILIB_TEACH\LISTDEMO\DEBUG\LISTMAINFORM.SBR
C:\USERS\62453\DOCUMENTS\VISUAL STUDIO PROJECTS\DUILIB\DUILIB_TEACH\LISTDEMO\DEBUG\LISTMAINFORM.OBJ
C:\USERS\62453\DOCUMENTS\VISUAL STUDIO PROJECTS\DUILIB\DUILIB_TEACH\LISTDEMO\DEBUG\CUSERINFO.SBR
C:\USERS\62453\DOCUMENTS\VISUAL STUDIO PROJECTS\DUILIB\DUILIB_TEACH\LISTDEMO\DEBUG\CUSERINFO.OBJ
C:\USERS\62453\DOCUMENTS\VISUAL STUDIO PROJECTS\DUILIB\DUILIB_TEACH\LISTDEMO\DEBUG\CUSERCONTROLER.SBR
C:\USERS\62453\DOCUMENTS\VISUAL STUDIO PROJECTS\DUILIB\DUILIB_TEACH\LISTDEMO\DEBUG\CUSERCONTROLER.OBJ
C:\USERS\62453\DOCUMENTS\VISUAL STUDIO PROJECTS\DUILIB\DUILIB_TEACH\LISTDEMO\DEBUG\CSTRINGUTILS.SBR
C:\USERS\62453\DOCUMENTS\VISUAL STUDIO PROJECTS\DUILIB\DUILIB_TEACH\LISTDEMO\DEBUG\CSTRINGUTILS.OBJ
C:\USERS\62453\DOCUMENTS\VISUAL STUDIO PROJECTS\DUILIB\DUILIB_TEACH\LISTDEMO\DEBUG\CNETUTILS.SBR
C:\USERS\62453\DOCUMENTS\VISUAL STUDIO PROJECTS\DUILIB\DUILIB_TEACH\LISTDEMO\DEBUG\CNETUTILS.OBJ
C:\USERS\62453\DOCUMENTS\VISUAL STUDIO PROJECTS\DUILIB\DUILIB_TEACH\LISTDEMO\DEBUG\VC110.PDB
C:\USERS\62453\DOCUMENTS\VISUAL STUDIO PROJECTS\DUILIB\DUILIB_TEACH\LISTDEMO\DEBUG\MAIN.SBR
C:\USERS\62453\DOCUMENTS\VISUAL STUDIO PROJECTS\DUILIB\DUILIB_TEACH\LISTDEMO\DEBUG\MAIN.OBJ
C:\USERS\62453\DESKTOP\JNIMESSAGE\DUILIB_TEACH\LISTDEMO\DEBUG\LISTDEMO.PCH
C:\USERS\62453\DESKTOP\JNIMESSAGE\DUILIB_TEACH\LISTDEMO\DEBUG\LISTMAINFORM.SBR
C:\USERS\62453\DESKTOP\JNIMESSAGE\DUILIB_TEACH\LISTDEMO\DEBUG\LISTMAINFORM.OBJ
C:\USERS\62453\DESKTOP\JNIMESSAGE\DUILIB_TEACH\LISTDEMO\DEBUG\CUSERINFO.SBR
C:\USERS\62453\DESKTOP\JNIMESSAGE\DUILIB_TEACH\LISTDEMO\DEBUG\CUSERINFO.OBJ
C:\USERS\62453\DESKTOP\JNIMESSAGE\DUILIB_TEACH\LISTDEMO\DEBUG\CUSERCONTROLER.SBR
C:\USERS\62453\DESKTOP\JNIMESSAGE\DUILIB_TEACH\LISTDEMO\DEBUG\CUSERCONTROLER.OBJ
C:\USERS\62453\DESKTOP\JNIMESSAGE\DUILIB_TEACH\LISTDEMO\DEBUG\CSTRINGUTILS.SBR
C:\USERS\62453\DESKTOP\JNIMESSAGE\DUILIB_TEACH\LISTDEMO\DEBUG\CSTRINGUTILS.OBJ
C:\USERS\62453\DESKTOP\JNIMESSAGE\DUILIB_TEACH\LISTDEMO\DEBUG\CNETUTILS.SBR
C:\USERS\62453\DESKTOP\JNIMESSAGE\DUILIB_TEACH\LISTDEMO\DEBUG\CNETUTILS.OBJ
C:\USERS\62453\DESKTOP\JNIMESSAGE\DUILIB_TEACH\LISTDEMO\DEBUG\VC110.PDB
C:\USERS\62453\DESKTOP\JNIMESSAGE\DUILIB_TEACH\LISTDEMO\DEBUG\MAIN.SBR
C:\USERS\62453\DESKTOP\JNIMESSAGE\DUILIB_TEACH\LISTDEMO\DEBUG\MAIN.OBJ
C:\USERS\62453\DOCUMENTS\VISUAL STUDIO PROJECTS\DUILIB\DUILIB_TEACH\BIN\LISTDEMO.EXE
C:\USERS\62453\DOCUMENTS\VISUAL STUDIO PROJECTS\DUILIB\DUILIB_TEACH\LISTDEMO\DEBUG\LISTDEMO.MAP
C:\USERS\62453\DOCUMENTS\VISUAL STUDIO PROJECTS\DUILIB\DUILIB_TEACH\LISTDEMO\DEBUG\LISTDEMO.PDB
C:\USERS\62453\DESKTOP\JNIMESSAGE\DUILIB_TEACH\BIN\LISTDEMO.EXE
C:\USERS\62453\DESKTOP\JNIMESSAGE\DUILIB_TEACH\LISTDEMO\DEBUG\LISTDEMO.MAP
C:\USERS\62453\DESKTOP\JNIMESSAGE\DUILIB_TEACH\LISTDEMO\DEBUG\LISTDEMO.PDB
C:\Users\62453\Desktop\JNIMessage\duilib_teach\ListDemo\Debug\CNetUtils.obj
C:\Users\62453\Desktop\JNIMessage\duilib_teach\ListDemo\Debug\CStringUtils.obj
C:\Users\62453\Desktop\JNIMessage\duilib_teach\ListDemo\Debug\CUserControler.obj
C:\Users\62453\Desktop\JNIMessage\duilib_teach\ListDemo\Debug\CUserInfo.obj
C:\Users\62453\Desktop\JNIMessage\duilib_teach\ListDemo\Debug\ListMainForm.obj
C:\Users\62453\Desktop\JNIMessage\duilib_teach\ListDemo\Debug\Main.obj
C:\Users\62453\Desktop\JNIMessage\duilib_teach\ListDemo\Debug\BscMake.command.1.tlog
C:\Users\62453\Desktop\JNIMessage\duilib_teach\ListDemo\Debug\bscmake.read.1.tlog
C:\Users\62453\Desktop\JNIMessage\duilib_teach\ListDemo\Debug\bscmake.write.1.tlog
C:\Users\62453\Desktop\JNIMessage\duilib_teach\ListDemo\Debug\cl.command.1.tlog
C:\Users\62453\Desktop\JNIMessage\duilib_teach\ListDemo\Debug\CL.read.1.tlog
C:\Users\62453\Desktop\JNIMessage\duilib_teach\ListDemo\Debug\CL.write.1.tlog
C:\Users\62453\Desktop\JNIMessage\duilib_teach\ListDemo\Debug\link-cvtres.read.1.tlog
C:\Users\62453\Desktop\JNIMessage\duilib_teach\ListDemo\Debug\link-cvtres.write.1.tlog
C:\Users\62453\Desktop\JNIMessage\duilib_teach\ListDemo\Debug\link-rc.read.1.tlog
C:\Users\62453\Desktop\JNIMessage\duilib_teach\ListDemo\Debug\link-rc.write.1.tlog
C:\Users\62453\Desktop\JNIMessage\duilib_teach\ListDemo\Debug\link.command.1.tlog
C:\Users\62453\Desktop\JNIMessage\duilib_teach\ListDemo\Debug\link.read.1.tlog
C:\Users\62453\Desktop\JNIMessage\duilib_teach\ListDemo\Debug\link.write.1.tlog
C:\Users\62453\Desktop\JNIMessage\duilib_teach\ListDemo\Debug\ListDemo.pch
C:\Users\62453\Desktop\JNIMessage\duilib_teach\ListDemo\Debug\vc110.idb
C:\Users\62453\Desktop\JNIMessage\duilib_teach\ListDemo\Debug\ListDemo.pdb
C:\Users\62453\Desktop\JNIMessage\duilib_teach\ListDemo\Debug\vc110.pdb
C:\Users\62453\Desktop\JNIMessage\duilib_teach\ListDemo\Debug\ListDemo.bsc
C:\Users\62453\Desktop\JNIMessage\duilib_teach\ListDemo\Debug\CNetUtils.sbr
C:\Users\62453\Desktop\JNIMessage\duilib_teach\ListDemo\Debug\CStringUtils.sbr
C:\Users\62453\Desktop\JNIMessage\duilib_teach\ListDemo\Debug\CUserControler.sbr
C:\Users\62453\Desktop\JNIMessage\duilib_teach\ListDemo\Debug\CUserInfo.sbr
C:\Users\62453\Desktop\JNIMessage\duilib_teach\ListDemo\Debug\ListMainForm.sbr
C:\Users\62453\Desktop\JNIMessage\duilib_teach\ListDemo\Debug\Main.sbr
C:\Users\62453\Desktop\JNIMessage\duilib_teach\\bin\ListDemo.pdb
C:\Users\62453\Desktop\JNIMessage\duilib_teach\\bin\ListDemo.exe
